c:\users\seleo\source\repos\thelargemonproject\thelargemonproject\debug\thelargemonproject.pch
c:\users\seleo\source\repos\thelargemonproject\thelargemonproject\debug\vc141.pdb
c:\users\seleo\source\repos\thelargemonproject\thelargemonproject\debug\vc141.idb
c:\users\seleo\source\repos\thelargemonproject\thelargemonproject\debug\stdafx.obj
c:\users\seleo\source\repos\thelargemonproject\thelargemonproject\debug\largemon.obj
c:\users\seleo\source\repos\thelargemonproject\thelargemonproject\debug\largemongenerator.obj
c:\users\seleo\source\repos\thelargemonproject\thelargemonproject\debug\thelargemonproject.obj
c:\users\seleo\source\repos\thelargemonproject\thelargemonproject\debug\player.obj
c:\users\seleo\source\repos\thelargemonproject\thelargemonproject\debug\combat.obj
c:\users\seleo\source\repos\thelargemonproject2\thelargemonproject\debug\thelargemonproject.pch
c:\users\seleo\source\repos\thelargemonproject2\thelargemonproject\debug\vc141.pdb
c:\users\seleo\source\repos\thelargemonproject2\thelargemonproject\debug\vc141.idb
c:\users\seleo\source\repos\thelargemonproject2\thelargemonproject\debug\stdafx.obj
c:\users\seleo\source\repos\thelargemonproject2\thelargemonproject\debug\player.obj
c:\users\seleo\source\repos\thelargemonproject2\thelargemonproject\debug\largemongenerator.obj
c:\users\seleo\source\repos\thelargemonproject2\thelargemonproject\debug\largemon.obj
c:\users\seleo\source\repos\thelargemonproject2\thelargemonproject\debug\combat.obj
c:\users\seleo\source\repos\thelargemonproject2\thelargemonproject\debug\thelargemonproject.obj
c:\users\seleo\source\repos\thelargemonproject3\thelargemonproject\debug\thelargemonproject.pch
c:\users\seleo\source\repos\thelargemonproject3\thelargemonproject\debug\vc141.pdb
c:\users\seleo\source\repos\thelargemonproject3\thelargemonproject\debug\vc141.idb
c:\users\seleo\source\repos\thelargemonproject3\thelargemonproject\debug\stdafx.obj
c:\users\seleo\source\repos\thelargemonproject3\thelargemonproject\debug\thelargemonproject.obj
c:\users\seleo\source\repos\thelargemonproject3\thelargemonproject\debug\player.obj
c:\users\seleo\source\repos\thelargemonproject3\thelargemonproject\debug\largemongenerator.obj
c:\users\seleo\source\repos\thelargemonproject3\thelargemonproject\debug\largemon.obj
c:\users\seleo\source\repos\thelargemonproject3\thelargemonproject\debug\controller.obj
c:\users\seleo\source\repos\thelargemonproject3\thelargemonproject\debug\combat.obj
c:\users\seleo\source\repos\thelargemonproject\debug\thelargemonproject.exe
c:\users\seleo\source\repos\thelargemonproject\debug\thelargemonproject.ilk
c:\users\seleo\source\repos\thelargemonproject\debug\thelargemonproject.pdb
c:\users\seleo\source\repos\thelargemonproject2\debug\thelargemonproject.exe
c:\users\seleo\source\repos\thelargemonproject2\debug\thelargemonproject.ilk
c:\users\seleo\source\repos\thelargemonproject2\debug\thelargemonproject.pdb
c:\users\seleo\source\repos\thelargemonproject3\debug\thelargemonproject.exe
c:\users\seleo\source\repos\thelargemonproject3\debug\thelargemonproject.ilk
c:\users\seleo\source\repos\thelargemonproject3\debug\thelargemonproject.pdb
c:\users\seleo\source\repos\thelargemonproject3\thelargemonproject\debug\thelargemonproject.obj.enc
c:\users\seleo\source\repos\thelargemonproject3\thelargemonproject\debug\thelarge.4f22eeff.tlog\cl.command.1.tlog
c:\users\seleo\source\repos\thelargemonproject3\thelargemonproject\debug\thelarge.4f22eeff.tlog\cl.read.1.tlog
c:\users\seleo\source\repos\thelargemonproject3\thelargemonproject\debug\thelarge.4f22eeff.tlog\cl.write.1.tlog
c:\users\seleo\source\repos\thelargemonproject3\thelargemonproject\debug\thelarge.4f22eeff.tlog\link.command.1.tlog
c:\users\seleo\source\repos\thelargemonproject3\thelargemonproject\debug\thelarge.4f22eeff.tlog\link.read.1.tlog
c:\users\seleo\source\repos\thelargemonproject3\thelargemonproject\debug\thelarge.4f22eeff.tlog\link.write.1.tlog
